# JRE version: OpenJDK Runtime Environment (11.0.13) (build 11.0.13+0-b1751.21-8125866)
# Java VM: OpenJDK 64-Bit Server VM (11.0.13+0-b1751.21-8125866, mixed mode, tiered, compressed oops, g1 gc, linux-amd64)
Heap:
 garbage-first heap   total 331776K, used 251904K [0x0000000080000000, 0x0000000100000000)
  region size 1024K, 36 young (36864K), 9 survivors (9216K)
 Metaspace       used 125853K, capacity 129148K, committed 129320K, reserved 1161216K
  class space    used 15704K, capacity 16847K, committed 16920K, reserved 1048576K
GC Heap History (20 events):
Event: 17.879 GC heap before
{Heap before GC invocations=28 (full 0):
 garbage-first heap   total 276480K, used 214494K [0x0000000080000000, 0x0000000100000000)
  region size 1024K, 72 young (73728K), 3 survivors (3072K)
 Metaspace       used 95837K, capacity 98046K, committed 98472K, reserved 1134592K
  class space    used 12360K, capacity 13172K, committed 13208K, reserved 1048576K
}
Event: 17.897 GC heap after
{Heap after GC invocations=29 (full 0):
 garbage-first heap   total 276480K, used 145622K [0x0000000080000000, 0x0000000100000000)
  region size 1024K, 4 young (4096K), 4 survivors (4096K)
 Metaspace       used 95837K, capacity 98046K, committed 98472K, reserved 1134592K
  class space    used 12360K, capacity 13172K, committed 13208K, reserved 1048576K
}
Event: 19.303 GC heap before
{Heap before GC invocations=29 (full 0):
 garbage-first heap   total 276480K, used 218326K [0x0000000080000000, 0x0000000100000000)
  region size 1024K, 75 young (76800K), 4 survivors (4096K)
 Metaspace       used 103375K, capacity 105837K, committed 106152K, reserved 1140736K
  class space    used 13349K, capacity 14199K, committed 14232K, reserved 1048576K
}
Event: 19.333 GC heap after
{Heap after GC invocations=30 (full 0):
 garbage-first heap   total 276480K, used 150741K [0x0000000080000000, 0x0000000100000000)
  region size 1024K, 9 young (9216K), 9 survivors (9216K)
 Metaspace       used 103375K, capacity 105837K, committed 106152K, reserved 1140736K
  class space    used 13349K, capacity 14199K, committed 14232K, reserved 1048576K
}
Event: 45.779 GC heap before
{Heap before GC invocations=31 (full 0):
 garbage-first heap   total 276480K, used 221397K [0x0000000080000000, 0x0000000100000000)
  region size 1024K, 79 young (80896K), 9 survivors (9216K)
 Metaspace       used 108914K, capacity 111550K, committed 111656K, reserved 1146880K
  class space    used 13925K, capacity 14833K, committed 14872K, reserved 1048576K
}
Event: 45.806 GC heap after
{Heap after GC invocations=32 (full 0):
 garbage-first heap   total 331776K, used 154310K [0x0000000080000000, 0x0000000100000000)
  region size 1024K, 4 young (4096K), 4 survivors (4096K)
 Metaspace       used 108914K, capacity 111550K, committed 111656K, reserved 1146880K
  class space    used 13925K, capacity 14833K, committed 14872K, reserved 1048576K
}
Event: 70.621 GC heap before
{Heap before GC invocations=32 (full 0):
 garbage-first heap   total 331776K, used 244422K [0x0000000080000000, 0x0000000100000000)
  region size 1024K, 93 young (95232K), 4 survivors (4096K)
 Metaspace       used 109873K, capacity 112408K, committed 112552K, reserved 1146880K
  class space    used 13972K, capacity 14880K, committed 15000K, reserved 1048576K
}
Event: 70.645 GC heap after
{Heap after GC invocations=33 (full 0):
 garbage-first heap   total 331776K, used 157382K [0x0000000080000000, 0x0000000100000000)
  region size 1024K, 7 young (7168K), 7 survivors (7168K)
 Metaspace       used 109873K, capacity 112408K, committed 112552K, reserved 1146880K
  class space    used 13972K, capacity 14880K, committed 15000K, reserved 1048576K
}
Event: 73.113 GC heap before
{Heap before GC invocations=34 (full 0):
 garbage-first heap   total 331776K, used 254662K [0x0000000080000000, 0x0000000100000000)
  region size 1024K, 103 young (105472K), 7 survivors (7168K)
 Metaspace       used 113748K, capacity 116458K, committed 116648K, reserved 1150976K
  class space    used 14426K, capacity 15474K, committed 15512K, reserved 1048576K
}
Event: 73.130 GC heap after
{Heap after GC invocations=35 (full 0):
 garbage-first heap   total 331776K, used 159673K [0x0000000080000000, 0x0000000100000000)
  region size 1024K, 7 young (7168K), 7 survivors (7168K)
 Metaspace       used 113748K, capacity 116458K, committed 116648K, reserved 1150976K
  class space    used 14426K, capacity 15474K, committed 15512K, reserved 1048576K
}
Event: 107.510 GC heap before
{Heap before GC invocations=35 (full 0):
 garbage-first heap   total 331776K, used 261049K [0x0000000080000000, 0x0000000100000000)
  region size 1024K, 106 young (108544K), 7 survivors (7168K)
 Metaspace       used 118048K, capacity 120905K, committed 121000K, reserved 1155072K
  class space    used 14913K, capacity 15966K, committed 16024K, reserved 1048576K
}
Event: 107.526 GC heap after
{Heap after GC invocations=36 (full 0):
 garbage-first heap   total 331776K, used 163766K [0x0000000080000000, 0x0000000100000000)
  region size 1024K, 11 young (11264K), 11 survivors (11264K)
 Metaspace       used 118048K, capacity 120905K, committed 121000K, reserved 1155072K
  class space    used 14913K, capacity 15966K, committed 16024K, reserved 1048576K
}
Event: 625.486 GC heap before
{Heap before GC invocations=37 (full 0):
 garbage-first heap   total 331776K, used 270262K [0x0000000080000000, 0x0000000100000000)
  region size 1024K, 116 young (118784K), 11 survivors (11264K)
 Metaspace       used 123169K, capacity 126422K, committed 126760K, reserved 1159168K
  class space    used 15467K, capacity 16596K, committed 16664K, reserved 1048576K
}
Event: 625.580 GC heap after
{Heap after GC invocations=38 (full 0):
 garbage-first heap   total 331776K, used 172004K [0x0000000080000000, 0x0000000100000000)
  region size 1024K, 15 young (15360K), 15 survivors (15360K)
 Metaspace       used 123169K, capacity 126422K, committed 126760K, reserved 1159168K
  class space    used 15467K, capacity 16596K, committed 16664K, reserved 1048576K
}
Event: 627.629 GC heap before
{Heap before GC invocations=38 (full 0):
 garbage-first heap   total 331776K, used 246756K [0x0000000080000000, 0x0000000100000000)
  region size 1024K, 90 young (92160K), 15 survivors (15360K)
 Metaspace       used 124730K, capacity 127940K, committed 128168K, reserved 1161216K
  class space    used 15622K, capacity 16752K, committed 16792K, reserved 1048576K
}
Event: 627.711 GC heap after
{Heap after GC invocations=39 (full 0):
 garbage-first heap   total 331776K, used 186108K [0x0000000080000000, 0x0000000100000000)
  region size 1024K, 14 young (14336K), 14 survivors (14336K)
 Metaspace       used 124730K, capacity 127940K, committed 128168K, reserved 1161216K
  class space    used 15622K, capacity 16752K, committed 16792K, reserved 1048576K
}
Event: 628.433 GC heap before
{Heap before GC invocations=40 (full 0):
 garbage-first heap   total 331776K, used 230140K [0x0000000080000000, 0x0000000100000000)
  region size 1024K, 50 young (51200K), 14 survivors (14336K)
 Metaspace       used 125295K, capacity 128540K, committed 128808K, reserved 1161216K
  class space    used 15672K, capacity 16804K, committed 16920K, reserved 1048576K
}
Event: 628.490 GC heap after
{Heap after GC invocations=41 (full 0):
 garbage-first heap   total 331776K, used 200192K [0x0000000080000000, 0x0000000100000000)
  region size 1024K, 12 young (12288K), 12 survivors (12288K)
 Metaspace       used 125295K, capacity 128540K, committed 128808K, reserved 1161216K
  class space    used 15672K, capacity 16804K, committed 16920K, reserved 1048576K
}
Event: 629.301 GC heap before
{Heap before GC invocations=42 (full 0):
 garbage-first heap   total 331776K, used 245248K [0x0000000080000000, 0x0000000100000000)
  region size 1024K, 50 young (51200K), 12 survivors (12288K)
 Metaspace       used 125483K, capacity 128762K, committed 129064K, reserved 1161216K
  class space    used 15681K, capacity 16835K, committed 16920K, reserved 1048576K
}
Event: 629.350 GC heap after
{Heap after GC invocations=43 (full 0):
 garbage-first heap   total 331776K, used 208896K [0x0000000080000000, 0x0000000100000000)
  region size 1024K, 9 young (9216K), 9 survivors (9216K)
 Metaspace       used 125483K, capacity 128762K, committed 129064K, reserved 1161216K
  class space    used 15681K, capacity 16835K, committed 16920K, reserved 1048576K
}

